<?xml version="1.0" encoding="UTF-8"?>
<testng-results ignored="9" total="10" passed="1" failed="0" skipped="0">
  <reporter-output>
  </reporter-output>
  <suite started-at="2023-03-31T14:31:17 IST" name="Suite" finished-at="2023-03-31T14:31:32 IST" duration-ms="14161">
    <groups>
      <group name="Sanity">
        <method signature="LoginPageTest.loginTest(java.lang.String, java.lang.String)[pri:0, instance:com.keka.testcases.LoginPageTest@26d9b808]" name="loginTest" class="com.keka.testcases.LoginPageTest"/>
      </group> <!-- Sanity -->
      <group name="Regression">
        <method signature="LoginPageTest.loginTest(java.lang.String, java.lang.String)[pri:0, instance:com.keka.testcases.LoginPageTest@26d9b808]" name="loginTest" class="com.keka.testcases.LoginPageTest"/>
      </group> <!-- Regression -->
      <group name="Smoke">
        <method signature="LoginPageTest.loginTest(java.lang.String, java.lang.String)[pri:0, instance:com.keka.testcases.LoginPageTest@26d9b808]" name="loginTest" class="com.keka.testcases.LoginPageTest"/>
      </group> <!-- Smoke -->
    </groups>
    <test started-at="2023-03-31T14:31:17 IST" name="Smoke" finished-at="2023-03-31T14:31:32 IST" duration-ms="14161">
      <class name="com.keka.testcases.LoginPageTest">
        <test-method is-config="true" signature="loadConfig()[pri:0, instance:com.keka.testcases.LoginPageTest@26d9b808]" started-at="2023-03-31T14:31:17 IST" name="loadConfig" finished-at="2023-03-31T14:31:17 IST" duration-ms="148" status="PASS">
          <reporter-output>
          </reporter-output>
        </test-method> <!-- loadConfig -->
        <test-method is-config="true" signature="setup(java.lang.String)[pri:0, instance:com.keka.testcases.LoginPageTest@26d9b808]" started-at="2023-03-31T14:31:18 IST" name="setup" finished-at="2023-03-31T14:31:22 IST" duration-ms="4340" status="PASS">
          <params>
            <param index="0">
              <value>
                <![CDATA[Chrome]]>
              </value>
            </param>
          </params>
          <reporter-output>
          </reporter-output>
        </test-method> <!-- setup -->
        <test-method signature="loginTest(java.lang.String, java.lang.String)[pri:0, instance:com.keka.testcases.LoginPageTest@26d9b808]" started-at="2023-03-31T14:31:22 IST" name="loginTest" data-provider="credentials" finished-at="2023-03-31T14:31:31 IST" duration-ms="8895" status="PASS">
          <params>
            <param index="0">
              <value>
                <![CDATA[rakhi.r@techversantinfotech.com]]>
              </value>
            </param>
            <param index="1">
              <value>
                <![CDATA[Ayaan@123]]>
              </value>
            </param>
          </params>
          <reporter-output>
          </reporter-output>
        </test-method> <!-- loginTest -->
        <test-method is-config="true" signature="tearDown()[pri:0, instance:com.keka.testcases.LoginPageTest@26d9b808]" started-at="2023-03-31T14:31:31 IST" name="tearDown" finished-at="2023-03-31T14:31:32 IST" duration-ms="235" status="PASS">
          <reporter-output>
          </reporter-output>
        </test-method> <!-- tearDown -->
        <test-method is-config="true" signature="afterSuite()[pri:0, instance:com.keka.testcases.LoginPageTest@26d9b808]" started-at="2023-03-31T14:31:32 IST" name="afterSuite" finished-at="2023-03-31T14:31:32 IST" duration-ms="308" status="PASS">
          <reporter-output>
          </reporter-output>
        </test-method> <!-- afterSuite -->
      </class> <!-- com.keka.testcases.LoginPageTest -->
    </test> <!-- Smoke -->
  </suite> <!-- Suite -->
</testng-results>
