<?xml version="1.0" encoding="UTF-8"?>
<!-- Generated by org.testng.reporters.JUnitXMLReporter -->
<testsuite ignored="0" hostname="DESKTOP-SPJM3B5" failures="0" tests="2" name="ChromeTest" time="14.481" errors="0" timestamp="2023-03-13T15:35:40 IST">
  <testcase classname="com.keka.testcases.LoginPageTest" name="loginTest" time="0.0">
    <skipped/>
  </testcase> <!-- loginTest -->
  <testcase classname="com.keka.testcases.LoginPageTest" name="loginTest" time="9.223"/>
</testsuite> <!-- ChromeTest -->
