<?xml version="1.0" encoding="UTF-8"?>
<!-- Generated by org.testng.reporters.JUnitXMLReporter -->
<testsuite ignored="10" hostname="DESKTOP-SPJM3B5" failures="0" tests="6" name="Sanity" time="96.524" errors="0" timestamp="2023-03-20T11:31:53 IST">
  <testcase classname="com.keka.testcases.LoginPageTest" name="loginTest" time="9.715"/>
  <testcase classname="com.keka.testcases.HomePageTest" name="validateProfileColor" time="8.802"/>
  <testcase classname="com.keka.testcases.MyFinancePageTest" name="validateSummaryPage" time="8.153"/>
  <testcase classname="com.keka.testcases.OrgPageTest" name="validateEmployeeDirectoryPage" time="13.37"/>
  <testcase classname="com.keka.testcases.MyTeamPageTest" name="validateEmployeeDirectoryPage" time="6.687"/>
  <testcase classname="com.keka.testcases.MyProfilePageTest" name="validateMyProfilePage" time="26.539"/>
  <testcase classname="com.keka.base.BaseClass" name="@AfterSuite afterSuite" time="0.0">
    <ignored/>
  </testcase> <!-- @AfterSuite afterSuite -->
  <testcase classname="com.keka.base.BaseClass" name="@AfterSuite afterSuite" time="0.0">
    <ignored/>
  </testcase> <!-- @AfterSuite afterSuite -->
  <testcase classname="com.keka.base.BaseClass" name="@AfterSuite afterSuite" time="0.0">
    <ignored/>
  </testcase> <!-- @AfterSuite afterSuite -->
  <testcase classname="com.keka.base.BaseClass" name="@AfterSuite afterSuite" time="0.0">
    <ignored/>
  </testcase> <!-- @AfterSuite afterSuite -->
  <testcase classname="com.keka.base.BaseClass" name="@AfterSuite afterSuite" time="0.0">
    <ignored/>
  </testcase> <!-- @AfterSuite afterSuite -->
  <testcase classname="com.keka.base.BaseClass" name="@BeforeSuite loadConfig" time="0.0">
    <ignored/>
  </testcase> <!-- @BeforeSuite loadConfig -->
  <testcase classname="com.keka.base.BaseClass" name="@BeforeSuite loadConfig" time="0.0">
    <ignored/>
  </testcase> <!-- @BeforeSuite loadConfig -->
  <testcase classname="com.keka.base.BaseClass" name="@BeforeSuite loadConfig" time="0.0">
    <ignored/>
  </testcase> <!-- @BeforeSuite loadConfig -->
  <testcase classname="com.keka.base.BaseClass" name="@BeforeSuite loadConfig" time="0.0">
    <ignored/>
  </testcase> <!-- @BeforeSuite loadConfig -->
  <testcase classname="com.keka.base.BaseClass" name="@BeforeSuite loadConfig" time="0.0">
    <ignored/>
  </testcase> <!-- @BeforeSuite loadConfig -->
</testsuite> <!-- Sanity -->
