<?xml version="1.0" encoding="UTF-8"?>
<!-- Generated by org.testng.reporters.JUnitXMLReporter -->
<testsuite ignored="9" hostname="DESKTOP-SPJM3B5" failures="0" tests="1" name="Smoke" time="14.161" errors="0" timestamp="2023-03-31T14:31:32 IST">
  <testcase classname="com.keka.testcases.LoginPageTest" name="loginTest" time="8.895"/>
  <testcase classname="com.keka.testcases.MyFinancePageTest" name="validateSummaryPage" time="0.0">
    <ignored/>
  </testcase> <!-- validateSummaryPage -->
  <testcase classname="com.keka.base.BaseClass" name="@AfterSuite afterSuite" time="0.0">
    <ignored/>
  </testcase> <!-- @AfterSuite afterSuite -->
  <testcase classname="com.keka.base.BaseClass" name="@AfterSuite afterSuite" time="0.0">
    <ignored/>
  </testcase> <!-- @AfterSuite afterSuite -->
  <testcase classname="com.keka.base.BaseClass" name="@AfterSuite afterSuite" time="0.0">
    <ignored/>
  </testcase> <!-- @AfterSuite afterSuite -->
  <testcase classname="com.keka.base.BaseClass" name="@BeforeSuite loadConfig" time="0.0">
    <ignored/>
  </testcase> <!-- @BeforeSuite loadConfig -->
  <testcase classname="com.keka.base.BaseClass" name="@BeforeSuite loadConfig" time="0.0">
    <ignored/>
  </testcase> <!-- @BeforeSuite loadConfig -->
  <testcase classname="com.keka.base.BaseClass" name="@BeforeSuite loadConfig" time="0.0">
    <ignored/>
  </testcase> <!-- @BeforeSuite loadConfig -->
  <testcase classname="com.keka.testcases.HomePageTest" name="validateProfileColor" time="0.0">
    <ignored/>
  </testcase> <!-- validateProfileColor -->
  <testcase classname="com.keka.testcases.OrgPageTest" name="validateEmployeeDirectoryPage" time="0.0">
    <ignored/>
  </testcase> <!-- validateEmployeeDirectoryPage -->
</testsuite> <!-- Smoke -->
